{"C:\\Users\\Lucía\\Desktop\\U\\0erasmus\\FULL STACK\\fullStack\\part5\\ex5_13-ex5_16\\frontend\\src\\App.jsx": {"path":"C:\\Users\\Lucía\\Desktop\\U\\0erasmus\\FULL STACK\\fullStack\\part5\\ex5_13-ex5_16\\frontend\\src\\App.jsx","statementMap":{"0":{"start":{"line":12,"column":12},"end":{"line":204,"column":1}},"1":{"start":{"line":13,"column":42},"end":{"line":13,"column":56}},"2":{"start":{"line":14,"column":26},"end":{"line":14,"column":40}},"3":{"start":{"line":15,"column":34},"end":{"line":15,"column":46}},"4":{"start":{"line":16,"column":34},"end":{"line":16,"column":46}},"5":{"start":{"line":17,"column":56},"end":{"line":17,"column":70}},"6":{"start":{"line":18,"column":42},"end":{"line":18,"column":57}},"7":{"start":{"line":19,"column":28},"end":{"line":19,"column":40}},"8":{"start":{"line":20,"column":30},"end":{"line":20,"column":42}},"9":{"start":{"line":21,"column":24},"end":{"line":21,"column":36}},"10":{"start":{"line":22,"column":42},"end":{"line":22,"column":57}},"11":{"start":{"line":23,"column":16},"end":{"line":23,"column":50}},"12":{"start":{"line":25,"column":2},"end":{"line":32,"column":8}},"13":{"start":{"line":26,"column":27},"end":{"line":26,"column":75}},"14":{"start":{"line":27,"column":4},"end":{"line":31,"column":5}},"15":{"start":{"line":28,"column":19},"end":{"line":28,"column":45}},"16":{"start":{"line":29,"column":6},"end":{"line":29,"column":19}},"17":{"start":{"line":30,"column":6},"end":{"line":30,"column":38}},"18":{"start":{"line":35,"column":2},"end":{"line":39,"column":12}},"19":{"start":{"line":36,"column":4},"end":{"line":38,"column":5}},"20":{"start":{"line":37,"column":6},"end":{"line":37,"column":32}},"21":{"start":{"line":42,"column":27},"end":{"line":74,"column":3}},"22":{"start":{"line":43,"column":4},"end":{"line":43,"column":26}},"23":{"start":{"line":45,"column":17},"end":{"line":49,"column":5}},"24":{"start":{"line":51,"column":4},"end":{"line":51,"column":36}},"25":{"start":{"line":53,"column":4},"end":{"line":73,"column":5}},"26":{"start":{"line":54,"column":6},"end":{"line":56,"column":8}},"27":{"start":{"line":58,"column":6},"end":{"line":58,"column":27}},"28":{"start":{"line":59,"column":6},"end":{"line":59,"column":59}},"29":{"start":{"line":60,"column":6},"end":{"line":62,"column":14}},"30":{"start":{"line":61,"column":8},"end":{"line":61,"column":36}},"31":{"start":{"line":64,"column":6},"end":{"line":64,"column":18}},"32":{"start":{"line":65,"column":6},"end":{"line":65,"column":19}},"33":{"start":{"line":66,"column":6},"end":{"line":66,"column":16}},"34":{"start":{"line":69,"column":6},"end":{"line":69,"column":55}},"35":{"start":{"line":70,"column":6},"end":{"line":72,"column":14}},"36":{"start":{"line":71,"column":8},"end":{"line":71,"column":36}},"37":{"start":{"line":76,"column":19},"end":{"line":91,"column":3}},"38":{"start":{"line":77,"column":4},"end":{"line":90,"column":7}},"39":{"start":{"line":93,"column":22},"end":{"line":113,"column":3}},"40":{"start":{"line":94,"column":4},"end":{"line":94,"column":26}},"41":{"start":{"line":96,"column":4},"end":{"line":112,"column":5}},"42":{"start":{"line":97,"column":19},"end":{"line":99,"column":8}},"43":{"start":{"line":100,"column":6},"end":{"line":102,"column":7}},"44":{"start":{"line":103,"column":6},"end":{"line":103,"column":38}},"45":{"start":{"line":104,"column":6},"end":{"line":104,"column":19}},"46":{"start":{"line":105,"column":6},"end":{"line":105,"column":21}},"47":{"start":{"line":106,"column":6},"end":{"line":106,"column":21}},"48":{"start":{"line":108,"column":6},"end":{"line":108,"column":42}},"49":{"start":{"line":109,"column":6},"end":{"line":111,"column":14}},"50":{"start":{"line":110,"column":8},"end":{"line":110,"column":29}},"51":{"start":{"line":115,"column":23},"end":{"line":120,"column":3}},"52":{"start":{"line":116,"column":4},"end":{"line":116,"column":26}},"53":{"start":{"line":118,"column":4},"end":{"line":118,"column":55}},"54":{"start":{"line":119,"column":4},"end":{"line":119,"column":30}},"55":{"start":{"line":122,"column":20},"end":{"line":143,"column":3}},"56":{"start":{"line":123,"column":28},"end":{"line":123,"column":67}},"57":{"start":{"line":124,"column":28},"end":{"line":124,"column":67}},"58":{"start":{"line":126,"column":4},"end":{"line":142,"column":5}},"59":{"start":{"line":129,"column":33},"end":{"line":129,"column":54}},"60":{"start":{"line":135,"column":50},"end":{"line":135,"column":75}},"61":{"start":{"line":136,"column":50},"end":{"line":136,"column":75}},"62":{"start":{"line":139,"column":33},"end":{"line":139,"column":55}},"63":{"start":{"line":145,"column":26},"end":{"line":155,"column":3}},"64":{"start":{"line":146,"column":25},"end":{"line":146,"column":65}},"65":{"start":{"line":146,"column":46},"end":{"line":146,"column":64}},"66":{"start":{"line":147,"column":24},"end":{"line":147,"column":74}},"67":{"start":{"line":149,"column":4},"end":{"line":154,"column":5}},"68":{"start":{"line":150,"column":6},"end":{"line":150,"column":44}},"69":{"start":{"line":151,"column":6},"end":{"line":151,"column":27}},"70":{"start":{"line":153,"column":6},"end":{"line":153,"column":26}},"71":{"start":{"line":157,"column":27},"end":{"line":159,"column":3}},"72":{"start":{"line":158,"column":4},"end":{"line":158,"column":58}},"73":{"start":{"line":158,"column":40},"end":{"line":158,"column":57}},"74":{"start":{"line":161,"column":27},"end":{"line":169,"column":3}},"75":{"start":{"line":162,"column":4},"end":{"line":168,"column":5}},"76":{"start":{"line":163,"column":6},"end":{"line":167,"column":7}},"77":{"start":{"line":164,"column":8},"end":{"line":164,"column":50}},"78":{"start":{"line":166,"column":8},"end":{"line":166,"column":26}},"79":{"start":{"line":172,"column":2},"end":{"line":203,"column":3}},"80":{"start":{"line":197,"column":12},"end":{"line":198,"column":74}}},"fnMap":{"0":{"name":"(anonymous_0)","decl":{"start":{"line":12,"column":12},"end":{"line":12,"column":13}},"loc":{"start":{"line":12,"column":18},"end":{"line":204,"column":1}},"line":12},"1":{"name":"(anonymous_1)","decl":{"start":{"line":25,"column":12},"end":{"line":25,"column":13}},"loc":{"start":{"line":25,"column":18},"end":{"line":32,"column":3}},"line":25},"2":{"name":"(anonymous_2)","decl":{"start":{"line":35,"column":12},"end":{"line":35,"column":13}},"loc":{"start":{"line":35,"column":18},"end":{"line":39,"column":3}},"line":35},"3":{"name":"(anonymous_3)","decl":{"start":{"line":42,"column":27},"end":{"line":42,"column":28}},"loc":{"start":{"line":42,"column":44},"end":{"line":74,"column":3}},"line":42},"4":{"name":"(anonymous_4)","decl":{"start":{"line":60,"column":17},"end":{"line":60,"column":18}},"loc":{"start":{"line":60,"column":23},"end":{"line":62,"column":7}},"line":60},"5":{"name":"(anonymous_5)","decl":{"start":{"line":70,"column":17},"end":{"line":70,"column":18}},"loc":{"start":{"line":70,"column":23},"end":{"line":72,"column":7}},"line":70},"6":{"name":"(anonymous_6)","decl":{"start":{"line":76,"column":19},"end":{"line":76,"column":20}},"loc":{"start":{"line":77,"column":4},"end":{"line":90,"column":7}},"line":77},"7":{"name":"(anonymous_7)","decl":{"start":{"line":93,"column":22},"end":{"line":93,"column":23}},"loc":{"start":{"line":93,"column":39},"end":{"line":113,"column":3}},"line":93},"8":{"name":"(anonymous_8)","decl":{"start":{"line":109,"column":17},"end":{"line":109,"column":18}},"loc":{"start":{"line":109,"column":23},"end":{"line":111,"column":7}},"line":109},"9":{"name":"(anonymous_9)","decl":{"start":{"line":115,"column":23},"end":{"line":115,"column":24}},"loc":{"start":{"line":115,"column":40},"end":{"line":120,"column":3}},"line":115},"10":{"name":"(anonymous_10)","decl":{"start":{"line":122,"column":20},"end":{"line":122,"column":21}},"loc":{"start":{"line":122,"column":26},"end":{"line":143,"column":3}},"line":122},"11":{"name":"(anonymous_11)","decl":{"start":{"line":129,"column":27},"end":{"line":129,"column":28}},"loc":{"start":{"line":129,"column":33},"end":{"line":129,"column":54}},"line":129},"12":{"name":"(anonymous_12)","decl":{"start":{"line":135,"column":34},"end":{"line":135,"column":35}},"loc":{"start":{"line":135,"column":50},"end":{"line":135,"column":75}},"line":135},"13":{"name":"(anonymous_13)","decl":{"start":{"line":136,"column":34},"end":{"line":136,"column":35}},"loc":{"start":{"line":136,"column":50},"end":{"line":136,"column":75}},"line":136},"14":{"name":"(anonymous_14)","decl":{"start":{"line":139,"column":27},"end":{"line":139,"column":28}},"loc":{"start":{"line":139,"column":33},"end":{"line":139,"column":55}},"line":139},"15":{"name":"(anonymous_15)","decl":{"start":{"line":145,"column":26},"end":{"line":145,"column":27}},"loc":{"start":{"line":145,"column":44},"end":{"line":155,"column":3}},"line":145},"16":{"name":"(anonymous_16)","decl":{"start":{"line":146,"column":36},"end":{"line":146,"column":37}},"loc":{"start":{"line":146,"column":46},"end":{"line":146,"column":64}},"line":146},"17":{"name":"(anonymous_17)","decl":{"start":{"line":157,"column":27},"end":{"line":157,"column":28}},"loc":{"start":{"line":157,"column":38},"end":{"line":159,"column":3}},"line":157},"18":{"name":"(anonymous_18)","decl":{"start":{"line":158,"column":30},"end":{"line":158,"column":31}},"loc":{"start":{"line":158,"column":40},"end":{"line":158,"column":57}},"line":158},"19":{"name":"(anonymous_19)","decl":{"start":{"line":161,"column":27},"end":{"line":161,"column":28}},"loc":{"start":{"line":161,"column":51},"end":{"line":169,"column":3}},"line":161},"20":{"name":"(anonymous_20)","decl":{"start":{"line":196,"column":39},"end":{"line":196,"column":40}},"loc":{"start":{"line":197,"column":12},"end":{"line":198,"column":74}},"line":197}},"branchMap":{"0":{"loc":{"start":{"line":27,"column":4},"end":{"line":31,"column":5}},"type":"if","locations":[{"start":{"line":27,"column":4},"end":{"line":31,"column":5}},{"start":{},"end":{}}],"line":27},"1":{"loc":{"start":{"line":36,"column":4},"end":{"line":38,"column":5}},"type":"if","locations":[{"start":{"line":36,"column":4},"end":{"line":38,"column":5}},{"start":{},"end":{}}],"line":36},"2":{"loc":{"start":{"line":123,"column":39},"end":{"line":123,"column":65}},"type":"cond-expr","locations":[{"start":{"line":123,"column":54},"end":{"line":123,"column":60}},{"start":{"line":123,"column":63},"end":{"line":123,"column":65}}],"line":123},"3":{"loc":{"start":{"line":124,"column":39},"end":{"line":124,"column":65}},"type":"cond-expr","locations":[{"start":{"line":124,"column":54},"end":{"line":124,"column":56}},{"start":{"line":124,"column":59},"end":{"line":124,"column":65}}],"line":124},"4":{"loc":{"start":{"line":162,"column":4},"end":{"line":168,"column":5}},"type":"if","locations":[{"start":{"line":162,"column":4},"end":{"line":168,"column":5}},{"start":{},"end":{}}],"line":162},"5":{"loc":{"start":{"line":179,"column":7},"end":{"line":183,"column":7}},"type":"binary-expr","locations":[{"start":{"line":179,"column":7},"end":{"line":179,"column":12}},{"start":{"line":180,"column":8},"end":{"line":182,"column":11}}],"line":179},"6":{"loc":{"start":{"line":185,"column":7},"end":{"line":201,"column":7}},"type":"binary-expr","locations":[{"start":{"line":185,"column":7},"end":{"line":185,"column":11}},{"start":{"line":186,"column":8},"end":{"line":200,"column":11}}],"line":185}},"s":{"0":0,"1":0,"2":0,"3":0,"4":0,"5":0,"6":0,"7":0,"8":0,"9":0,"10":0,"11":0,"12":0,"13":0,"14":0,"15":0,"16":0,"17":0,"18":0,"19":0,"20":0,"21":0,"22":0,"23":0,"24":0,"25":0,"26":0,"27":0,"28":0,"29":0,"30":0,"31":0,"32":0,"33":0,"34":0,"35":0,"36":0,"37":0,"38":0,"39":0,"40":0,"41":0,"42":0,"43":0,"44":0,"45":0,"46":0,"47":0,"48":0,"49":0,"50":0,"51":0,"52":0,"53":0,"54":0,"55":0,"56":0,"57":0,"58":0,"59":0,"60":0,"61":0,"62":0,"63":0,"64":0,"65":0,"66":0,"67":0,"68":0,"69":0,"70":0,"71":0,"72":0,"73":0,"74":0,"75":0,"76":0,"77":0,"78":0,"79":0,"80":0},"f":{"0":0,"1":0,"2":0,"3":0,"4":0,"5":0,"6":0,"7":0,"8":0,"9":0,"10":0,"11":0,"12":0,"13":0,"14":0,"15":0,"16":0,"17":0,"18":0,"19":0,"20":0},"b":{"0":[0,0],"1":[0,0],"2":[0,0],"3":[0,0],"4":[0,0],"5":[0,0],"6":[0,0]}}
,"C:\\Users\\Lucía\\Desktop\\U\\0erasmus\\FULL STACK\\fullStack\\part5\\ex5_13-ex5_16\\frontend\\src\\main.jsx": {"path":"C:\\Users\\Lucía\\Desktop\\U\\0erasmus\\FULL STACK\\fullStack\\part5\\ex5_13-ex5_16\\frontend\\src\\main.jsx","statementMap":{"0":{"start":{"line":4,"column":0},"end":{"line":4,"column":68}}},"fnMap":{},"branchMap":{},"s":{"0":0},"f":{},"b":{}}
,"C:\\Users\\Lucía\\Desktop\\U\\0erasmus\\FULL STACK\\fullStack\\part5\\ex5_13-ex5_16\\frontend\\src\\components\\Blog.jsx": {"path":"C:\\Users\\Lucía\\Desktop\\U\\0erasmus\\FULL STACK\\fullStack\\part5\\ex5_13-ex5_16\\frontend\\src\\components\\Blog.jsx","statementMap":{"0":{"start":{"line":3,"column":13},"end":{"line":48,"column":1}},"1":{"start":{"line":5,"column":20},"end":{"line":11,"column":3}},"2":{"start":{"line":13,"column":19},"end":{"line":15,"column":3}},"3":{"start":{"line":17,"column":22},"end":{"line":20,"column":3}},"4":{"start":{"line":22,"column":20},"end":{"line":25,"column":3}},"5":{"start":{"line":27,"column":29},"end":{"line":31,"column":3}},"6":{"start":{"line":28,"column":4},"end":{"line":30,"column":5}},"7":{"start":{"line":29,"column":6},"end":{"line":29,"column":24}},"8":{"start":{"line":33,"column":2},"end":{"line":47,"column":3}},"9":{"start":{"line":40,"column":51},"end":{"line":40,"column":71}}},"fnMap":{"0":{"name":"(anonymous_0)","decl":{"start":{"line":3,"column":13},"end":{"line":3,"column":14}},"loc":{"start":{"line":3,"column":64},"end":{"line":48,"column":1}},"line":3},"1":{"name":"(anonymous_1)","decl":{"start":{"line":27,"column":29},"end":{"line":27,"column":30}},"loc":{"start":{"line":27,"column":35},"end":{"line":31,"column":3}},"line":27},"2":{"name":"(anonymous_2)","decl":{"start":{"line":40,"column":45},"end":{"line":40,"column":46}},"loc":{"start":{"line":40,"column":51},"end":{"line":40,"column":71}},"line":40}},"branchMap":{"0":{"loc":{"start":{"line":28,"column":4},"end":{"line":30,"column":5}},"type":"if","locations":[{"start":{"line":28,"column":4},"end":{"line":30,"column":5}},{"start":{},"end":{}}],"line":28},"1":{"loc":{"start":{"line":42,"column":9},"end":{"line":44,"column":14}},"type":"cond-expr","locations":[{"start":{"line":43,"column":10},"end":{"line":43,"column":82}},{"start":{"line":44,"column":10},"end":{"line":44,"column":14}}],"line":42}},"s":{"0":1,"1":3,"2":3,"3":3,"4":3,"5":3,"6":1,"7":1,"8":3,"9":0},"f":{"0":3,"1":1,"2":0},"b":{"0":[1,0],"1":[3,0]},"_coverageSchema":"1a1c01bbd47fc00a2c39e90264f33305004495a9","hash":"caee6a5e354f96fe3a0f11fd0fc186d860d4084d"}
,"C:\\Users\\Lucía\\Desktop\\U\\0erasmus\\FULL STACK\\fullStack\\part5\\ex5_13-ex5_16\\frontend\\src\\components\\CreateBlogForm.jsx": {"path":"C:\\Users\\Lucía\\Desktop\\U\\0erasmus\\FULL STACK\\fullStack\\part5\\ex5_13-ex5_16\\frontend\\src\\components\\CreateBlogForm.jsx","statementMap":{"0":{"start":{"line":1,"column":23},"end":{"line":40,"column":1}},"1":{"start":{"line":3,"column":2},"end":{"line":39,"column":5}},"2":{"start":{"line":13,"column":36},"end":{"line":13,"column":58}},"3":{"start":{"line":23,"column":36},"end":{"line":23,"column":59}},"4":{"start":{"line":33,"column":36},"end":{"line":33,"column":56}}},"fnMap":{"0":{"name":"(anonymous_0)","decl":{"start":{"line":1,"column":23},"end":{"line":1,"column":24}},"loc":{"start":{"line":3,"column":2},"end":{"line":39,"column":5}},"line":3},"1":{"name":"(anonymous_1)","decl":{"start":{"line":13,"column":20},"end":{"line":13,"column":21}},"loc":{"start":{"line":13,"column":36},"end":{"line":13,"column":58}},"line":13},"2":{"name":"(anonymous_2)","decl":{"start":{"line":23,"column":20},"end":{"line":23,"column":21}},"loc":{"start":{"line":23,"column":36},"end":{"line":23,"column":59}},"line":23},"3":{"name":"(anonymous_3)","decl":{"start":{"line":33,"column":20},"end":{"line":33,"column":21}},"loc":{"start":{"line":33,"column":36},"end":{"line":33,"column":56}},"line":33}},"branchMap":{},"s":{"0":1,"1":1,"2":16,"3":17,"4":14},"f":{"0":1,"1":16,"2":17,"3":14},"b":{},"_coverageSchema":"1a1c01bbd47fc00a2c39e90264f33305004495a9","hash":"5b6f33fa696a5a188a1b05934b666ef6daac9b8e"}
,"C:\\Users\\Lucía\\Desktop\\U\\0erasmus\\FULL STACK\\fullStack\\part5\\ex5_13-ex5_16\\frontend\\src\\components\\LoginForm.jsx": {"path":"C:\\Users\\Lucía\\Desktop\\U\\0erasmus\\FULL STACK\\fullStack\\part5\\ex5_13-ex5_16\\frontend\\src\\components\\LoginForm.jsx","statementMap":{"0":{"start":{"line":1,"column":18},"end":{"line":26,"column":1}},"1":{"start":{"line":6,"column":2},"end":{"line":25,"column":8}}},"fnMap":{"0":{"name":"(anonymous_0)","decl":{"start":{"line":1,"column":18},"end":{"line":1,"column":19}},"loc":{"start":{"line":6,"column":2},"end":{"line":25,"column":8}},"line":6}},"branchMap":{},"s":{"0":0,"1":0},"f":{"0":0},"b":{}}
,"C:\\Users\\Lucía\\Desktop\\U\\0erasmus\\FULL STACK\\fullStack\\part5\\ex5_13-ex5_16\\frontend\\src\\components\\Notification.jsx": {"path":"C:\\Users\\Lucía\\Desktop\\U\\0erasmus\\FULL STACK\\fullStack\\part5\\ex5_13-ex5_16\\frontend\\src\\components\\Notification.jsx","statementMap":{"0":{"start":{"line":1,"column":21},"end":{"line":16,"column":1}},"1":{"start":{"line":2,"column":2},"end":{"line":4,"column":3}},"2":{"start":{"line":3,"column":4},"end":{"line":3,"column":15}},"3":{"start":{"line":6,"column":28},"end":{"line":9,"column":3}},"4":{"start":{"line":11,"column":2},"end":{"line":15,"column":3}}},"fnMap":{"0":{"name":"(anonymous_0)","decl":{"start":{"line":1,"column":21},"end":{"line":1,"column":22}},"loc":{"start":{"line":1,"column":38},"end":{"line":16,"column":1}},"line":1}},"branchMap":{"0":{"loc":{"start":{"line":2,"column":2},"end":{"line":4,"column":3}},"type":"if","locations":[{"start":{"line":2,"column":2},"end":{"line":4,"column":3}},{"start":{},"end":{}}],"line":2}},"s":{"0":0,"1":0,"2":0,"3":0,"4":0},"f":{"0":0},"b":{"0":[0,0]}}
,"C:\\Users\\Lucía\\Desktop\\U\\0erasmus\\FULL STACK\\fullStack\\part5\\ex5_13-ex5_16\\frontend\\src\\components\\Togglable.jsx": {"path":"C:\\Users\\Lucía\\Desktop\\U\\0erasmus\\FULL STACK\\fullStack\\part5\\ex5_13-ex5_16\\frontend\\src\\components\\Togglable.jsx","statementMap":{"0":{"start":{"line":3,"column":18},"end":{"line":29,"column":1}},"1":{"start":{"line":4,"column":32},"end":{"line":4,"column":47}},"2":{"start":{"line":6,"column":26},"end":{"line":6,"column":60}},"3":{"start":{"line":7,"column":26},"end":{"line":7,"column":60}},"4":{"start":{"line":9,"column":27},"end":{"line":11,"column":3}},"5":{"start":{"line":10,"column":4},"end":{"line":10,"column":24}},"6":{"start":{"line":13,"column":22},"end":{"line":16,"column":3}},"7":{"start":{"line":18,"column":2},"end":{"line":28,"column":3}}},"fnMap":{"0":{"name":"(anonymous_0)","decl":{"start":{"line":3,"column":18},"end":{"line":3,"column":19}},"loc":{"start":{"line":3,"column":29},"end":{"line":29,"column":1}},"line":3},"1":{"name":"(anonymous_1)","decl":{"start":{"line":9,"column":27},"end":{"line":9,"column":28}},"loc":{"start":{"line":9,"column":33},"end":{"line":11,"column":3}},"line":9}},"branchMap":{"0":{"loc":{"start":{"line":6,"column":37},"end":{"line":6,"column":58}},"type":"cond-expr","locations":[{"start":{"line":6,"column":47},"end":{"line":6,"column":53}},{"start":{"line":6,"column":56},"end":{"line":6,"column":58}}],"line":6},"1":{"loc":{"start":{"line":7,"column":37},"end":{"line":7,"column":58}},"type":"cond-expr","locations":[{"start":{"line":7,"column":47},"end":{"line":7,"column":49}},{"start":{"line":7,"column":52},"end":{"line":7,"column":58}}],"line":7}},"s":{"0":2,"1":10,"2":10,"3":10,"4":10,"5":3,"6":10,"7":10},"f":{"0":10,"1":3},"b":{"0":[2,8],"1":[2,8]},"_coverageSchema":"1a1c01bbd47fc00a2c39e90264f33305004495a9","hash":"38ab60dfe6544963675288a885aa99a89265a390"}
,"C:\\Users\\Lucía\\Desktop\\U\\0erasmus\\FULL STACK\\fullStack\\part5\\ex5_13-ex5_16\\frontend\\src\\hooks\\blogs_get_all.js": {"path":"C:\\Users\\Lucía\\Desktop\\U\\0erasmus\\FULL STACK\\fullStack\\part5\\ex5_13-ex5_16\\frontend\\src\\hooks\\blogs_get_all.js","statementMap":{"0":{"start":{"line":4,"column":23},"end":{"line":15,"column":1}},"1":{"start":{"line":5,"column":28},"end":{"line":5,"column":40}},"2":{"start":{"line":7,"column":2},"end":{"line":13,"column":26}},"3":{"start":{"line":8,"column":4},"end":{"line":12,"column":5}},"4":{"start":{"line":9,"column":6},"end":{"line":11,"column":8}},"5":{"start":{"line":10,"column":8},"end":{"line":10,"column":30}},"6":{"start":{"line":14,"column":2},"end":{"line":14,"column":14}}},"fnMap":{"0":{"name":"(anonymous_0)","decl":{"start":{"line":4,"column":23},"end":{"line":4,"column":24}},"loc":{"start":{"line":4,"column":47},"end":{"line":15,"column":1}},"line":4},"1":{"name":"(anonymous_1)","decl":{"start":{"line":7,"column":12},"end":{"line":7,"column":13}},"loc":{"start":{"line":7,"column":18},"end":{"line":13,"column":3}},"line":7},"2":{"name":"(anonymous_2)","decl":{"start":{"line":9,"column":32},"end":{"line":9,"column":33}},"loc":{"start":{"line":9,"column":50},"end":{"line":11,"column":7}},"line":9}},"branchMap":{"0":{"loc":{"start":{"line":8,"column":4},"end":{"line":12,"column":5}},"type":"if","locations":[{"start":{"line":8,"column":4},"end":{"line":12,"column":5}},{"start":{},"end":{}}],"line":8}},"s":{"0":0,"1":0,"2":0,"3":0,"4":0,"5":0,"6":0},"f":{"0":0,"1":0,"2":0},"b":{"0":[0,0]}}
,"C:\\Users\\Lucía\\Desktop\\U\\0erasmus\\FULL STACK\\fullStack\\part5\\ex5_13-ex5_16\\frontend\\src\\services\\blogs.js": {"path":"C:\\Users\\Lucía\\Desktop\\U\\0erasmus\\FULL STACK\\fullStack\\part5\\ex5_13-ex5_16\\frontend\\src\\services\\blogs.js","statementMap":{"0":{"start":{"line":2,"column":16},"end":{"line":2,"column":28}},"1":{"start":{"line":4,"column":12},"end":{"line":4,"column":16}},"2":{"start":{"line":6,"column":17},"end":{"line":8,"column":1}},"3":{"start":{"line":7,"column":2},"end":{"line":7,"column":30}},"4":{"start":{"line":10,"column":15},"end":{"line":17,"column":1}},"5":{"start":{"line":11,"column":17},"end":{"line":13,"column":3}},"6":{"start":{"line":15,"column":19},"end":{"line":15,"column":51}},"7":{"start":{"line":16,"column":2},"end":{"line":16,"column":22}},"8":{"start":{"line":19,"column":15},"end":{"line":26,"column":1}},"9":{"start":{"line":20,"column":17},"end":{"line":22,"column":3}},"10":{"start":{"line":24,"column":19},"end":{"line":24,"column":63}},"11":{"start":{"line":25,"column":2},"end":{"line":25,"column":22}},"12":{"start":{"line":28,"column":16},"end":{"line":36,"column":1}},"13":{"start":{"line":29,"column":17},"end":{"line":32,"column":3}},"14":{"start":{"line":34,"column":19},"end":{"line":34,"column":71}},"15":{"start":{"line":35,"column":2},"end":{"line":35,"column":22}},"16":{"start":{"line":38,"column":19},"end":{"line":47,"column":1}},"17":{"start":{"line":39,"column":17},"end":{"line":42,"column":3}},"18":{"start":{"line":43,"column":2},"end":{"line":43,"column":25}},"19":{"start":{"line":44,"column":19},"end":{"line":44,"column":70}},"20":{"start":{"line":46,"column":2},"end":{"line":46,"column":22}}},"fnMap":{"0":{"name":"(anonymous_0)","decl":{"start":{"line":6,"column":17},"end":{"line":6,"column":18}},"loc":{"start":{"line":6,"column":29},"end":{"line":8,"column":1}},"line":6},"1":{"name":"(anonymous_1)","decl":{"start":{"line":10,"column":15},"end":{"line":10,"column":16}},"loc":{"start":{"line":10,"column":27},"end":{"line":17,"column":1}},"line":10},"2":{"name":"(anonymous_2)","decl":{"start":{"line":19,"column":15},"end":{"line":19,"column":16}},"loc":{"start":{"line":19,"column":34},"end":{"line":26,"column":1}},"line":19},"3":{"name":"(anonymous_3)","decl":{"start":{"line":28,"column":16},"end":{"line":28,"column":17}},"loc":{"start":{"line":28,"column":30},"end":{"line":36,"column":1}},"line":28},"4":{"name":"(anonymous_4)","decl":{"start":{"line":38,"column":19},"end":{"line":38,"column":20}},"loc":{"start":{"line":38,"column":33},"end":{"line":47,"column":1}},"line":38}},"branchMap":{},"s":{"0":0,"1":0,"2":0,"3":0,"4":0,"5":0,"6":0,"7":0,"8":0,"9":0,"10":0,"11":0,"12":0,"13":0,"14":0,"15":0,"16":0,"17":0,"18":0,"19":0,"20":0},"f":{"0":0,"1":0,"2":0,"3":0,"4":0},"b":{}}
,"C:\\Users\\Lucía\\Desktop\\U\\0erasmus\\FULL STACK\\fullStack\\part5\\ex5_13-ex5_16\\frontend\\src\\services\\login.js": {"path":"C:\\Users\\Lucía\\Desktop\\U\\0erasmus\\FULL STACK\\fullStack\\part5\\ex5_13-ex5_16\\frontend\\src\\services\\login.js","statementMap":{"0":{"start":{"line":2,"column":16},"end":{"line":2,"column":28}},"1":{"start":{"line":4,"column":14},"end":{"line":7,"column":1}},"2":{"start":{"line":5,"column":19},"end":{"line":5,"column":57}},"3":{"start":{"line":6,"column":2},"end":{"line":6,"column":22}}},"fnMap":{"0":{"name":"(anonymous_0)","decl":{"start":{"line":4,"column":14},"end":{"line":4,"column":15}},"loc":{"start":{"line":4,"column":35},"end":{"line":7,"column":1}},"line":4}},"branchMap":{},"s":{"0":0,"1":0,"2":0,"3":0},"f":{"0":0},"b":{}}
}
